android/app/build/outputs/logs/manifest-merger-release-report.txt
-- Merging decision tree log ---
manifest
ADDED from src/main/AndroidManifest.xml:1:1-83:12
INJECTED from src/main/AndroidManifest.xml:1:1-83:12
INJECTED from src/main/AndroidManifest.xml:1:1-83:12
INJECTED from src/main/AndroidManifest.xml:1:1-83:12
MERGED from [:nb_utils] AndroidManifest.xml:2:1-12:12
MERGED from [:firebase_database] AndroidManifest.xml:2:1-17:12
MERGED from [:firebase_crashlytics] AndroidManifest.xml:2:1-17:12
MERGED from [:cloud_firestore] AndroidManifest.xml:2:1-17:12
MERGED from [:firebase_auth] AndroidManifest.xml:2:1-17:12
MERGED from [:firebase_remote_config] AndroidManifest.xml:2:1-17:12
MERGED from [:firebase_storage] AndroidManifest.xml:2:1-17:12
MERGED from [:firebase_core] AndroidManifest.xml:2:1-17:12
MERGED from [:flutter_custom_tabs] AndroidManifest.xml:2:1-9:12
MERGED from [:file_picker] AndroidManifest.xml:2:1-19:12
MERGED from [:path_provider_android] AndroidManifest.xml:2:1-9:12
MERGED from [:android_intent_plus] AndroidManifest.xml:2:1-9:12
MERGED from [:shared_preferences_android] AndroidManifest.xml:2:1-9:12
MERGED from [:flutter_inappwebview] AndroidManifest.xml:2:1-50:12
MERGED from [:flutter_keyboard_visibility] AndroidManifest.xml:2:1-9:12
MERGED from [:onesignal_flutter] AndroidManifest.xml:2:1-9:12
MERGED from [:razorpay_flutter] AndroidManifest.xml:2:1-12:12
MERGED from [:fluttertoast] AndroidManifest.xml:2:1-9:12
MERGED from [:image_picker_android] AndroidManifest.xml:2:1-21:12
MERGED from [:flutter_plugin_android_lifecycle] AndroidManifest.xml:2:1-9:12
MERGED from [:sqflite] AndroidManifest.xml:2:1-9:12
MERGED from [:url_launcher_android] AndroidManifest.xml:2:1-16:12
MERGED from [:connectivity_plus] AndroidManifest.xml:2:1-11:12
MERGED from [:webview_flutter_android] AndroidManifest.xml:2:1-9:12
MERGED from [:geocoding_android] AndroidManifest.xml:2:1-9:12
MERGED from [:package_info_plus] AndroidManifest.xml:2:1-9:12
MERGED from [:stripe_android] AndroidManifest.xml:2:1-9:12
MERGED from [com.onesignal:OneSignal:4.8.5] AndroidManifest.xml:2:1-136:12
MERGED from [com.razorpay:checkout:1.6.29] AndroidManifest.xml:2:1-68:12
MERGED from [com.github.droibit:customtabslauncher:1.6.0] AndroidManifest.xml:2:1-15:12
MERGED from [com.stripe:stripe-android:20.15.4] AndroidManifest.xml:2:1-9:12
MERGED from [com.stripe:paymentsheet:20.15.4] AndroidManifest.xml:2:1-28:12
MERGED from [com.stripe:link:20.15.4] AndroidManifest.xml:2:1-18:12
MERGED from [com.stripe:financial-connections:20.15.4] AndroidManifest.xml:2:1-55:12
MERGED from [com.stripe:payments-ui-core:20.15.4] AndroidManifest.xml:2:1-16:12
MERGED from [com.stripe:payments-core:20.15.4] AndroidManifest.xml:2:1-92:12
MERGED from [com.stripe:stripe-3ds2-android:6.1.5] AndroidManifest.xml:2:1-16:12
MERGED from [com.google.android.material:material:1.6.0] AndroidManifest.xml:17:1-26:12
MERGED from [androidx.appcompat:appcompat-resources:1.6.1] AndroidManifest.xml:17:1-22:12
MERGED from [com.stripe:payments-model:20.15.4] AndroidManifest.xml:2:1-9:12
MERGED from [androidx.constraintlayout:constraintlayout:2.1.4] AndroidManifest.xml:2:1-11:12
MERGED from [com.airbnb.android:mavericks:2.7.0] AndroidManifest.xml:2:1-11:12
MERGED from [androidx.appcompat:appcompat:1.6.1] AndroidManifest.xml:17:1-22:12
MERGED from [com.google.accompanist:accompanist-navigation-animation:0.27.0] AndroidManifest.xml:17:1-24:12
MERGED from [androidx.navigation:navigation-compose:2.5.3] AndroidManifest.xml:17:1-24:12
MERGED from [androidx.activity:activity-compose:1.6.1] AndroidManifest.xml:17:1-22:12
MERGED from [com.stripe:stripe-ui-core:20.15.4] AndroidManifest.xml:2:1-9:12
MERGED from [androidx.compose.ui:ui-viewbinding:1.3.0] AndroidManifest.xml:17:1-22:12
MERGED from [androidx.constraintlayout:constraintlayout-compose:1.0.1] AndroidManifest.xml:17:1-24:12
MERGED from [androidx.compose.material:material:1.3.0] AndroidManifest.xml:17:1-22:12
MERGED from [com.google.accompanist:accompanist-flowlayout:0.27.0] AndroidManifest.xml:17:1-24:12
MERGED from [androidx.compose.material:material-ripple:1.3.0] AndroidManifest.xml:17:1-22:12
MERGED from [androidx.compose.foundation:foundation:1.3.0] AndroidManifest.xml:17:1-22:12
MERGED from [androidx.compose.material:material-icons-core:1.3.0] AndroidManifest.xml:17:1-22:12
MERGED from [androidx.compose.runtime:runtime-livedata:1.3.0] AndroidManifest.xml:17:1-22:12
MERGED from [androidx.compose.animation:animation:1.3.0] AndroidManifest.xml:17:1-22:12
MERGED from [androidx.compose.foundation:foundation-layout:1.3.0] AndroidManifest.xml:17:1-22:12
MERGED from [androidx.lifecycle:lifecycle-viewmodel-compose:2.5.1] AndroidManifest.xml:17:1-24:12
MERGED from [androidx.compose.animation:animation-core:1.3.0] AndroidManifest.xml:17:1-22:12
MERGED from [androidx.compose.ui:ui:1.3.0] AndroidManifest.xml:17:1-22:12
MERGED from [androidx.fragment:fragment-ktx:1.5.3] AndroidManifest.xml:17:1-24:12
MERGED from [androidx.navigation:navigation-runtime-ktx:2.5.3] AndroidManifest.xml:17:1-24:12
MERGED from [androidx.navigation:navigation-runtime:2.5.3] AndroidManifest.xml:17:1-24:12
MERGED from [androidx.activity:activity-ktx:1.6.1] AndroidManifest.xml:17:1-22:12
MERGED from [com.google.firebase:firebase-auth:21.2.0] AndroidManifest.xml:17:1-75:12
MERGED from [com.github.bumptech.glide:glide:4.12.0] AndroidManifest.xml:2:1-12:12
MERGED from [androidx.legacy:legacy-support-v4:1.0.0] AndroidManifest.xml:17:1-22:12
MERGED from [com.google.firebase:firebase-database:20.1.0] AndroidManifest.xml:15:1-37:12
MERGED from [com.google.firebase:firebase-crashlytics:18.3.6] AndroidManifest.xml:2:1-23:12
MERGED from [com.google.firebase:firebase-firestore:24.4.5] AndroidManifest.xml:2:1-25:12
MERGED from [com.google.firebase:firebase-config:21.3.0] AndroidManifest.xml:17:1-37:12
MERGED from [com.google.firebase:firebase-storage:20.1.0] AndroidManifest.xml:15:1-38:12
MERGED from [com.google.firebase:firebase-analytics:21.2.1] AndroidManifest.xml:2:1-9:12
MERGED from [com.google.android.gms:play-services-measurement-api:21.2.1] AndroidManifest.xml:17:1-37:12
MERGED from [com.google.firebase:firebase-messaging:23.1.2] AndroidManifest.xml:17:1-61:12
MERGED from [com.google.firebase:firebase-installations:17.1.3] AndroidManifest.xml:2:1-23:12
MERGED from [com.google.firebase:firebase-appcheck-interop:16.1.1] AndroidManifest.xml:15:1-25:12
MERGED from [com.google.firebase:firebase-auth-interop:20.0.0] AndroidManifest.xml:2:1-10:12
MERGED from [com.google.firebase:firebase-abt:21.1.1] AndroidManifest.xml:2:1-18:12
MERGED from [com.google.firebase:firebase-datatransport:18.1.7] AndroidManifest.xml:15:1-33:12
MERGED from [com.google.firebase:firebase-common:20.3.2] AndroidManifest.xml:15:1-39:12
MERGED from [com.google.android.gms:play-services-measurement:21.2.1] AndroidManifest.xml:17:1-46:12
MERGED from [com.google.android.gms:play-services-measurement-sdk:21.2.1] AndroidManifest.xml:17:1-25:12
MERGED from [com.google.firebase:firebase-database-collection:18.0.1] AndroidManifest.xml:2:1-9:12
MERGED from [com.google.android.gms:play-services-auth:17.0.0] AndroidManifest.xml:17:1-39:12
MERGED from [com.google.android.gms:play-services-auth-api-phone:17.4.0] AndroidManifest.xml:2:1-7:12
MERGED from [com.google.android.gms:play-services-safetynet:17.0.0] AndroidManifest.xml:17:1-24:12
MERGED from [com.google.android.gms:play-services-auth-base:17.0.0] AndroidManifest.xml:2:1-7:12
MERGED from [com.google.android.gms:play-services-wallet:19.1.0] AndroidManifest.xml:17:1-22:12
MERGED from [com.google.android.gms:play-services-identity:18.0.1] AndroidManifest.xml:17:1-24:12
MERGED from [com.google.android.gms:play-services-maps:18.0.2] AndroidManifest.xml:17:1-44:12
MERGED from [com.google.android.gms:play-services-base:18.0.1] AndroidManifest.xml:16:1-24:12
MERGED from [com.google.firebase:firebase-installations-interop:17.1.0] AndroidManifest.xml:15:1-22:12
MERGED from [com.google.android.recaptcha:recaptcha:18.0.1] AndroidManifest.xml:2:1-9:12
MERGED from [com.google.android.play:integrity:1.0.1] AndroidManifest.xml:2:1-7:12
MERGED from [com.google.firebase:firebase-iid-interop:17.1.0] AndroidManifest.xml:2:1-10:12
MERGED from [com.google.android.gms:play-services-cloud-messaging:17.0.1] AndroidManifest.xml:2:1-13:12
MERGED from [androidx.window:window-java:1.0.0-beta04] AndroidManifest.xml:17:1-23:12
MERGED from [com.stripe:stripe-core:20.15.4] AndroidManifest.xml:2:1-9:12
MERGED from [androidx.lifecycle:lifecycle-livedata-ktx:2.5.1] AndroidManifest.xml:17:1-24:12
MERGED from [androidx.compose.ui:ui-text:1.3.0] AndroidManifest.xml:17:1-22:12
MERGED from [com.google.android.gms:play-services-tasks:18.0.2] AndroidManifest.xml:2:1-6:12
MERGED from [com.google.android.gms:play-services-measurement-impl:21.2.1] AndroidManifest.xml:17:1-32:12
MERGED from [com.google.android.gms:play-services-ads-identifier:18.0.0] AndroidManifest.xml:17:1-27:12
MERGED from [com.google.android.gms:play-services-measurement-sdk-api:21.2.1] AndroidManifest.xml:17:1-28:12
MERGED from [com.google.android.gms:play-services-measurement-base:21.2.1] AndroidManifest.xml:2:1-9:12
MERGED from [com.google.android.gms:play-services-stats:17.0.2] AndroidManifest.xml:2:1-9:12
MERGED from [com.google.firebase:firebase-measurement-connector:19.0.0] AndroidManifest.xml:17:1-25:12
MERGED from [com.google.android.gms:play-services-basement:18.1.0] AndroidManifest.xml:16:1-26:12
MERGED from [androidx.viewpager2:viewpager2:1.0.0] AndroidManifest.xml:17:1-24:12
MERGED from [androidx.fragment:fragment:1.5.3] AndroidManifest.xml:17:1-24:12
MERGED from [androidx.activity:activity:1.6.1] AndroidManifest.xml:17:1-22:12
MERGED from [androidx.navigation:navigation-common-ktx:2.5.3] AndroidManifest.xml:17:1-24:12
MERGED from [androidx.navigation:navigation-common:2.5.3] AndroidManifest.xml:17:1-24:12
MERGED from [androidx.lifecycle:lifecycle-viewmodel-ktx:2.5.1] AndroidManifest.xml:17:1-24:12
MERGED from [androidx.dynamicanimation:dynamicanimation:1.0.0] AndroidManifest.xml:17:1-22:12
MERGED from [androidx.legacy:legacy-support-core-ui:1.0.0] AndroidManifest.xml:17:1-22:12
MERGED from [androidx.legacy:legacy-support-core-utils:1.0.0] AndroidManifest.xml:17:1-22:12
MERGED from [androidx.loader:loader:1.0.0] AndroidManifest.xml:17:1-22:12
MERGED from [androidx.lifecycle:lifecycle-viewmodel:2.5.1] AndroidManifest.xml:17:1-24:12
MERGED from [androidx.lifecycle:lifecycle-viewmodel-savedstate:2.5.1] AndroidManifest.xml:17:1-24:12
MERGED from [androidx.window:window:1.0.0-beta04] AndroidManifest.xml:17:1-33:12
MERGED from [androidx.lifecycle:lifecycle-runtime-ktx:2.5.1] AndroidManifest.xml:17:1-24:12
MERGED from [androidx.compose.ui:ui-tooling-preview:1.3.0] AndroidManifest.xml:17:1-22:12
MERGED from [androidx.compose.runtime:runtime-saveable:1.3.0] AndroidManifest.xml:17:1-22:12
MERGED from [androidx.compose.ui:ui-graphics:1.3.0] AndroidManifest.xml:17:1-22:12
MERGED from [androidx.compose.ui:ui-unit:1.3.0] AndroidManifest.xml:17:1-22:12
MERGED from [androidx.compose.ui:ui-geometry:1.3.0] AndroidManifest.xml:17:1-22:12
MERGED from [androidx.compose.runtime:runtime:1.3.0] AndroidManifest.xml:17:1-22:12
MERGED from [com.google.android.datatransport:transport-backend-cct:3.1.9] AndroidManifest.xml:15:1-37:12
MERGED from [com.google.firebase:firebase-encoders-json:18.0.0] AndroidManifest.xml:15:1-23:12
MERGED from [com.google.android.datatransport:transport-runtime:3.1.9] AndroidManifest.xml:15:1-41:12
MERGED from [androidx.webkit:webkit:1.5.0] AndroidManifest.xml:17:1-22:12
MERGED from [androidx.browser:browser:1.4.0] AndroidManifest.xml:17:1-24:12
MERGED from [androidx.swiperefreshlayout:swiperefreshlayout:1.1.0] AndroidManifest.xml:17:1-24:12
MERGED from [androidx.emoji2:emoji2-views-helper:1.2.0] AndroidManifest.xml:2:1-7:12
MERGED from [androidx.emoji2:emoji2:1.2.0] AndroidManifest.xml:17:1-35:12
MERGED from [androidx.work:work-runtime:2.7.1] AndroidManifest.xml:17:1-145:12
MERGED from [androidx.customview:customview-poolingcontainer:1.0.0] AndroidManifest.xml:17:1-23:12
MERGED from [androidx.core:core-ktx:1.9.0] AndroidManifest.xml:2:1-7:12
MERGED from [androidx.drawerlayout:drawerlayout:1.1.1] AndroidManifest.xml:17:1-24:12
MERGED from [androidx.coordinatorlayout:coordinatorlayout:1.1.0] AndroidManifest.xml:17:1-24:12
MERGED from [androidx.transition:transition:1.2.0] AndroidManifest.xml:17:1-24:12
MERGED from [androidx.vectordrawable:vectordrawable-animated:1.1.0] AndroidManifest.xml:17:1-24:12
MERGED from [androidx.vectordrawable:vectordrawable:1.1.0] AndroidManifest.xml:17:1-24:12
MERGED from [androidx.media:media:1.0.0] AndroidManifest.xml:17:1-22:12
MERGED from [androidx.viewpager:viewpager:1.0.0] AndroidManifest.xml:17:1-22:12
MERGED from [androidx.recyclerview:recyclerview:1.2.1] AndroidManifest.xml:17:1-24:12
MERGED from [androidx.autofill:autofill:1.0.0] AndroidManifest.xml:17:1-24:12
MERGED from [androidx.slidingpanelayout:slidingpanelayout:1.0.0] AndroidManifest.xml:17:1-22:12
MERGED from [androidx.customview:customview:1.1.0] AndroidManifest.xml:17:1-24:12
MERGED from [androidx.asynclayoutinflater:asynclayoutinflater:1.0.0] AndroidManifest.xml:17:1-22:12
MERGED from [androidx.core:core:1.9.0] AndroidManifest.xml:17:1-30:12
MERGED from [androidx.exifinterface:exifinterface:1.3.6] AndroidManifest.xml:17:1-24:12
MERGED from [androidx.lifecycle:lifecycle-process:2.4.1] AndroidManifest.xml:17:1-37:12
MERGED from [androidx.lifecycle:lifecycle-service:2.1.0] AndroidManifest.xml:17:1-22:12
MERGED from [androidx.lifecycle:lifecycle-runtime:2.5.1] AndroidManifest.xml:17:1-24:12
MERGED from [androidx.cursoradapter:cursoradapter:1.0.0] AndroidManifest.xml:17:1-22:12
MERGED from [androidx.savedstate:savedstate-ktx:1.2.0] AndroidManifest.xml:17:1-24:12
MERGED from [androidx.savedstate:savedstate:1.2.0] AndroidManifest.xml:17:1-24:12
MERGED from [androidx.profileinstaller:profileinstaller:1.2.0] AndroidManifest.xml:17:1-50:12
MERGED from [androidx.startup:startup-runtime:1.1.1] AndroidManifest.xml:17:1-33:12
MERGED from [androidx.tracing:tracing:1.0.0] AndroidManifest.xml:17:1-24:12
MERGED from [com.google.firebase:firebase-components:17.1.0] AndroidManifest.xml:15:1-22:12
MERGED from [androidx.versionedparcelable:versionedparcelable:1.1.1] AndroidManifest.xml:17:1-27:12
MERGED from [androidx.security:security-crypto:1.1.0-alpha03] AndroidManifest.xml:17:1-24:12
MERGED from [androidx.interpolator:interpolator:1.0.0] AndroidManifest.xml:17:1-22:12
MERGED from [androidx.cardview:cardview:1.0.0] AndroidManifest.xml:17:1-22:12
MERGED from [com.google.android.datatransport:transport-api:3.0.0] AndroidManifest.xml:15:1-22:12
MERGED from [androidx.localbroadcastmanager:localbroadcastmanager:1.0.0] AndroidManifest.xml:17:1-22:12
MERGED from [com.github.bumptech.glide:gifdecoder:4.12.0] AndroidManifest.xml:2:1-11:12
MERGED from [androidx.lifecycle:lifecycle-livedata:2.5.1] AndroidManifest.xml:17:1-24:12
MERGED from [androidx.lifecycle:lifecycle-livedata-core-ktx:2.5.1] AndroidManifest.xml:17:1-24:12
MERGED from [androidx.lifecycle:lifecycle-livedata-core:2.5.1] AndroidManifest.xml:17:1-24:12
MERGED from [androidx.room:room-runtime:2.2.5] AndroidManifest.xml:17:1-31:12
MERGED from [androidx.arch.core:core-runtime:2.1.0] AndroidManifest.xml:17:1-24:12
MERGED from [androidx.sqlite:sqlite-framework:2.1.0] AndroidManifest.xml:17:1-24:12
MERGED from [androidx.sqlite:sqlite:2.1.0] AndroidManifest.xml:17:1-24:12
MERGED from [androidx.databinding:viewbinding:7.3.1] AndroidManifest.xml:2:1-9:12
MERGED from [androidx.documentfile:documentfile:1.0.0] AndroidManifest.xml:17:1-22:12
MERGED from [androidx.print:print:1.0.0] AndroidManifest.xml:17:1-22:12
MERGED from [androidx.annotation:annotation-experimental:1.3.0] AndroidManifest.xml:17:1-22:12
MERGED from [androidx.compose.ui:ui-util:1.3.0] AndroidManifest.xml:17:1-22:12
MERGED from [io.grpc:grpc-android:1.52.1] AndroidManifest.xml:2:1-11:12
MERGED from [com.google.firebase:protolite-well-known-types:18.0.0] AndroidManifest.xml:2:1-11:12
MERGED from [com.google.android.instantapps:instantapps:1.1.0] AndroidManifest.xml:2:1-15:12
MERGED from [androidx.test.espresso:espresso-idling-resource:3.4.0] AndroidManifest.xml:17:1-24:12
INJECTED from src/main/AndroidManifest.xml:1:1-83:12
INJECTED from src/main/AndroidManifest.xml:1:1-83:12
INJECTED from src/main/AndroidManifest.xml:1:1-83:12
	package
		ADDED from src/main/AndroidManifest.xml:3:5-50
		INJECTED from src/main/AndroidManifest.xml
		INJECTED from src/main/AndroidManifest.xml
	android:versionName
		INJECTED from src/main/AndroidManifest.xml
		ADDED from src/main/AndroidManifest.xml:1:1-83:12
		INJECTED from src/main/AndroidManifest.xml
	xmlns:tools
		ADDED from src/main/AndroidManifest.xml:2:5-51
	android:versionCode
		INJECTED from src/main/AndroidManifest.xml
		ADDED from src/main/AndroidManifest.xml:1:1-83:12
		INJECTED from src/main/AndroidManifest.xml
	xmlns:android
		ADDED from src/main/AndroidManifest.xml:1:11-69
uses-permission#android.permission.INTERNET
ADDED from src/main/AndroidManifest.xml:5:5-67
MERGED from [:nb_utils] AndroidManifest.xml:9:5-67
MERGED from [:nb_utils] AndroidManifest.xml:9:5-67
MERGED from [com.onesignal:OneSignal:4.8.5] AndroidManifest.xml:17:5-67
MERGED from [com.onesignal:OneSignal:4.8.5] AndroidManifest.xml:17:5-67
MERGED from [com.razorpay:checkout:1.6.29] AndroidManifest.xml:10:5-67
MERGED from [com.razorpay:checkout:1.6.29] AndroidManifest.xml:10:5-67
MERGED from [com.stripe:financial-connections:20.15.4] AndroidManifest.xml:9:5-67
MERGED from [com.stripe:financial-connections:20.15.4] AndroidManifest.xml:9:5-67
MERGED from [com.google.firebase:firebase-auth:21.2.0] AndroidManifest.xml:25:5-67
MERGED from [com.google.firebase:firebase-auth:21.2.0] AndroidManifest.xml:25:5-67
MERGED from [com.google.firebase:firebase-database:20.1.0] AndroidManifest.xml:25:5-67
MERGED from [com.google.firebase:firebase-database:20.1.0] AndroidManifest.xml:25:5-67
MERGED from [com.google.firebase:firebase-crashlytics:18.3.6] AndroidManifest.xml:9:5-67
MERGED from [com.google.firebase:firebase-crashlytics:18.3.6] AndroidManifest.xml:9:5-67
MERGED from [com.google.firebase:firebase-firestore:24.4.5] AndroidManifest.xml:13:5-67
MERGED from [com.google.firebase:firebase-firestore:24.4.5] AndroidManifest.xml:13:5-67
MERGED from [com.google.firebase:firebase-config:21.3.0] AndroidManifest.xml:25:5-67
MERGED from [com.google.firebase:firebase-config:21.3.0] AndroidManifest.xml:25:5-67
MERGED from [com.google.firebase:firebase-storage:20.1.0] AndroidManifest.xml:26:5-67
MERGED from [com.google.firebase:firebase-storage:20.1.0] AndroidManifest.xml:26:5-67
MERGED from [com.google.android.gms:play-services-measurement-api:21.2.1] AndroidManifest.xml:22:5-67
MERGED from [com.google.android.gms:play-services-measurement-api:21.2.1] AndroidManifest.xml:22:5-67
MERGED from [com.google.firebase:firebase-installations:17.1.3] AndroidManifest.xml:10:5-67
MERGED from [com.google.firebase:firebase-installations:17.1.3] AndroidManifest.xml:10:5-67
MERGED from [com.google.android.gms:play-services-measurement:21.2.1] AndroidManifest.xml:23:5-67
MERGED from [com.google.android.gms:play-services-measurement:21.2.1] AndroidManifest.xml:23:5-67
MERGED from [com.google.android.gms:play-services-maps:18.0.2] AndroidManifest.xml:24:5-67
MERGED from [com.google.android.gms:play-services-maps:18.0.2] AndroidManifest.xml:24:5-67
MERGED from [com.google.android.gms:play-services-cloud-messaging:17.0.1] AndroidManifest.xml:8:5-67
MERGED from [com.google.android.gms:play-services-cloud-messaging:17.0.1] AndroidManifest.xml:8:5-67
MERGED from [com.google.android.gms:play-services-measurement-impl:21.2.1] AndroidManifest.xml:23:5-67
MERGED from [com.google.android.gms:play-services-measurement-impl:21.2.1] AndroidManifest.xml:23:5-67
MERGED from [com.google.android.gms:play-services-measurement-sdk-api:21.2.1] AndroidManifest.xml:23:5-67
MERGED from [com.google.android.gms:play-services-measurement-sdk-api:21.2.1] AndroidManifest.xml:23:5-67
MERGED from [com.google.android.datatransport:transport-backend-cct:3.1.9] AndroidManifest.xml:25:5-67
MERGED from [com.google.android.datatransport:transport-backend-cct:3.1.9] AndroidManifest.xml:25:5-67
	android:name
		ADDED from src/main/AndroidManifest.xml:5:22-64
uses-permission#android.permission.WRITE_EXTERNAL_STORAGE
ADDED from src/main/AndroidManifest.xml:6:5-80
	android:name
		ADDED from src/main/AndroidManifest.xml:6:22-78
uses-permission#android.permission.READ_EXTERNAL_STORAGE
ADDED from src/main/AndroidManifest.xml:7:5-79
MERGED from [:file_picker] AndroidManifest.xml:9:5-80
MERGED from [:file_picker] AndroidManifest.xml:9:5-80
	android:name
		ADDED from src/main/AndroidManifest.xml:7:22-77
uses-permission#android.permission.ACCESS_FINE_LOCATION
ADDED from src/main/AndroidManifest.xml:8:5-79
	android:name
		ADDED from src/main/AndroidManifest.xml:8:22-76
uses-permission#android.permission.ACCESS_COARSE_LOCATION
ADDED from src/main/AndroidManifest.xml:9:5-81
	android:name
		ADDED from src/main/AndroidManifest.xml:9:22-78
uses-permission#android.permission.POST_NOTIFICATIONS
ADDED from src/main/AndroidManifest.xml:10:5-76
MERGED from [com.onesignal:OneSignal:4.8.5] AndroidManifest.xml:16:5-77
MERGED from [com.onesignal:OneSignal:4.8.5] AndroidManifest.xml:16:5-77
MERGED from [com.google.firebase:firebase-messaging:23.1.2] AndroidManifest.xml:25:5-77
MERGED from [com.google.firebase:firebase-messaging:23.1.2] AndroidManifest.xml:25:5-77
	android:name
		ADDED from src/main/AndroidManifest.xml:10:22-74
queries
ADDED from src/main/AndroidManifest.xml:12:5-21:15
MERGED from [:file_picker] AndroidManifest.xml:11:5-17:15
MERGED from [:file_picker] AndroidManifest.xml:11:5-17:15
MERGED from [:flutter_inappwebview] AndroidManifest.xml:9:5-13:15
MERGED from [:flutter_inappwebview] AndroidManifest.xml:9:5-13:15
MERGED from [com.razorpay:checkout:1.6.29] AndroidManifest.xml:12:5-41:15
MERGED from [com.razorpay:checkout:1.6.29] AndroidManifest.xml:12:5-41:15
MERGED from [com.github.droibit:customtabslauncher:1.6.0] AndroidManifest.xml:9:5-13:15
MERGED from [com.github.droibit:customtabslauncher:1.6.0] AndroidManifest.xml:9:5-13:15
MERGED from [com.stripe:financial-connections:20.15.4] AndroidManifest.xml:12:5-20:15
MERGED from [com.stripe:financial-connections:20.15.4] AndroidManifest.xml:12:5-20:15
MERGED from [com.stripe:payments-core:20.15.4] AndroidManifest.xml:10:5-14:15
MERGED from [com.stripe:payments-core:20.15.4] AndroidManifest.xml:10:5-14:15
MERGED from [com.google.android.gms:play-services-maps:18.0.2] AndroidManifest.xml:30:5-34:15
MERGED from [com.google.android.gms:play-services-maps:18.0.2] AndroidManifest.xml:30:5-34:15
intent#action:name:android.intent.action.VIEW+data:scheme:https
ADDED from src/main/AndroidManifest.xml:13:9-16:18
action#android.intent.action.VIEW
ADDED from src/main/AndroidManifest.xml:14:13-65
	android:name
		ADDED from src/main/AndroidManifest.xml:14:21-62
data
ADDED from src/main/AndroidManifest.xml:15:13-44
	android:scheme
		ADDED from src/main/AndroidManifest.xml:15:19-41
	android:mimeType
		ADDED from src/main/AndroidManifest.xml:19:19-41
intent#action:name:android.intent.action.SEND+data:mimeType:*/*
ADDED from src/main/AndroidManifest.xml:17:9-20:18
action#android.intent.action.SEND
ADDED from src/main/AndroidManifest.xml:18:13-65
	android:name
		ADDED from src/main/AndroidManifest.xml:18:21-62
application
ADDED from src/main/AndroidManifest.xml:22:4-82:19
MERGED from [:firebase_database] AndroidManifest.xml:9:5-15:19
MERGED from [:firebase_database] AndroidManifest.xml:9:5-15:19
MERGED from [:firebase_crashlytics] AndroidManifest.xml:9:5-15:19
MERGED from [:firebase_crashlytics] AndroidManifest.xml:9:5-15:19
MERGED from [:cloud_firestore] AndroidManifest.xml:9:5-15:19
MERGED from [:cloud_firestore] AndroidManifest.xml:9:5-15:19
MERGED from [:firebase_auth] AndroidManifest.xml:9:5-15:19
MERGED from [:firebase_auth] AndroidManifest.xml:9:5-15:19
MERGED from [:firebase_remote_config] AndroidManifest.xml:9:5-15:19
MERGED from [:firebase_remote_config] AndroidManifest.xml:9:5-15:19
MERGED from [:firebase_storage] AndroidManifest.xml:9:5-15:19
MERGED from [:firebase_storage] AndroidManifest.xml:9:5-15:19
MERGED from [:firebase_core] AndroidManifest.xml:9:5-15:19
MERGED from [:firebase_core] AndroidManifest.xml:9:5-15:19
MERGED from [:flutter_inappwebview] AndroidManifest.xml:15:5-48:19
MERGED from [:flutter_inappwebview] AndroidManifest.xml:15:5-48:19
MERGED from [:razorpay_flutter] AndroidManifest.xml:9:5-10:19
MERGED from [:razorpay_flutter] AndroidManifest.xml:9:5-10:19
MERGED from [:image_picker_android] AndroidManifest.xml:9:5-19:19
MERGED from [:image_picker_android] AndroidManifest.xml:9:5-19:19
MERGED from [:url_launcher_android] AndroidManifest.xml:9:5-14:19
MERGED from [:url_launcher_android] AndroidManifest.xml:9:5-14:19
MERGED from [com.onesignal:OneSignal:4.8.5] AndroidManifest.xml:49:5-134:19
MERGED from [com.onesignal:OneSignal:4.8.5] AndroidManifest.xml:49:5-134:19
MERGED from [com.razorpay:checkout:1.6.29] AndroidManifest.xml:43:5-66:19
MERGED from [com.razorpay:checkout:1.6.29] AndroidManifest.xml:43:5-66:19
MERGED from [com.stripe:paymentsheet:20.15.4] AndroidManifest.xml:9:5-26:19
MERGED from [com.stripe:paymentsheet:20.15.4] AndroidManifest.xml:9:5-26:19
MERGED from [com.stripe:link:20.15.4] AndroidManifest.xml:9:5-16:19
MERGED from [com.stripe:link:20.15.4] AndroidManifest.xml:9:5-16:19
MERGED from [com.stripe:financial-connections:20.15.4] AndroidManifest.xml:22:5-53:19
MERGED from [com.stripe:financial-connections:20.15.4] AndroidManifest.xml:22:5-53:19
MERGED from [com.stripe:payments-ui-core:20.15.4] AndroidManifest.xml:9:5-14:19
MERGED from [com.stripe:payments-ui-core:20.15.4] AndroidManifest.xml:9:5-14:19
MERGED from [com.stripe:payments-core:20.15.4] AndroidManifest.xml:16:5-90:19
MERGED from [com.stripe:payments-core:20.15.4] AndroidManifest.xml:16:5-90:19
MERGED from [com.stripe:stripe-3ds2-android:6.1.5] AndroidManifest.xml:9:5-14:19
MERGED from [com.stripe:stripe-3ds2-android:6.1.5] AndroidManifest.xml:9:5-14:19
MERGED from [com.google.android.material:material:1.6.0] AndroidManifest.xml:24:5-20
MERGED from [com.google.android.material:material:1.6.0] AndroidManifest.xml:24:5-20
MERGED from [androidx.constraintlayout:constraintlayout:2.1.4] AndroidManifest.xml:9:5-20
MERGED from [androidx.constraintlayout:constraintlayout:2.1.4] AndroidManifest.xml:9:5-20
MERGED from [com.airbnb.android:mavericks:2.7.0] AndroidManifest.xml:9:5-20
MERGED from [com.airbnb.android:mavericks:2.7.0] AndroidManifest.xml:9:5-20
MERGED from [com.google.firebase:firebase-auth:21.2.0] AndroidManifest.xml:28:5-73:19
MERGED from [com.google.firebase:firebase-auth:21.2.0] AndroidManifest.xml:28:5-73:19
MERGED from [com.github.bumptech.glide:glide:4.12.0] AndroidManifest.xml:10:5-20
MERGED from [com.github.bumptech.glide:glide:4.12.0] AndroidManifest.xml:10:5-20
MERGED from [com.google.firebase:firebase-database:20.1.0] AndroidManifest.xml:27:5-35:19
MERGED from [com.google.firebase:firebase-database:20.1.0] AndroidManifest.xml:27:5-35:19
MERGED from [com.google.firebase:firebase-crashlytics:18.3.6] AndroidManifest.xml:13:5-21:19
MERGED from [com.google.firebase:firebase-crashlytics:18.3.6] AndroidManifest.xml:13:5-21:19
MERGED from [com.google.firebase:firebase-firestore:24.4.5] AndroidManifest.xml:15:5-23:19
MERGED from [com.google.firebase:firebase-firestore:24.4.5] AndroidManifest.xml:15:5-23:19
MERGED from [com.google.firebase:firebase-config:21.3.0] AndroidManifest.xml:27:5-35:19
MERGED from [com.google.firebase:firebase-config:21.3.0] AndroidManifest.xml:27:5-35:19
MERGED from [com.google.firebase:firebase-storage:20.1.0] AndroidManifest.xml:28:5-36:19
MERGED from [com.google.firebase:firebase-storage:20.1.0] AndroidManifest.xml:28:5-36:19
MERGED from [com.google.firebase:firebase-analytics:21.2.1] AndroidManifest.xml:7:5-20
MERGED from [com.google.firebase:firebase-analytics:21.2.1] AndroidManifest.xml:7:5-20
MERGED from [com.google.android.gms:play-services-measurement-api:21.2.1] AndroidManifest.xml:27:5-35:19
MERGED from [com.google.android.gms:play-services-measurement-api:21.2.1] AndroidManifest.xml:27:5-35:19
MERGED from [com.google.firebase:firebase-messaging:23.1.2] AndroidManifest.xml:30:5-59:19
MERGED from [com.google.firebase:firebase-messaging:23.1.2] AndroidManifest.xml:30:5-59:19
MERGED from [com.google.firebase:firebase-installations:17.1.3] AndroidManifest.xml:13:5-21:19
MERGED from [com.google.firebase:firebase-installations:17.1.3] AndroidManifest.xml:13:5-21:19
MERGED from [com.google.firebase:firebase-appcheck-interop:16.1.1] AndroidManifest.xml:23:5-20
MERGED from [com.google.firebase:firebase-appcheck-interop:16.1.1] AndroidManifest.xml:23:5-20
MERGED from [com.google.firebase:firebase-auth-interop:20.0.0] AndroidManifest.xml:7:5-8:19
MERGED from [com.google.firebase:firebase-auth-interop:20.0.0] AndroidManifest.xml:7:5-8:19
MERGED from [com.google.firebase:firebase-abt:21.1.1] AndroidManifest.xml:10:5-16:19
MERGED from [com.google.firebase:firebase-abt:21.1.1] AndroidManifest.xml:10:5-16:19
MERGED from [com.google.firebase:firebase-datatransport:18.1.7] AndroidManifest.xml:23:5-31:19
MERGED from [com.google.firebase:firebase-datatransport:18.1.7] AndroidManifest.xml:23:5-31:19
MERGED from [com.google.firebase:firebase-common:20.3.2] AndroidManifest.xml:24:5-37:19
MERGED from [com.google.firebase:firebase-common:20.3.2] AndroidManifest.xml:24:5-37:19
MERGED from [com.google.android.gms:play-services-measurement:21.2.1] AndroidManifest.xml:28:5-44:19
MERGED from [com.google.android.gms:play-services-measurement:21.2.1] AndroidManifest.xml:28:5-44:19
MERGED from [com.google.android.gms:play-services-measurement-sdk:21.2.1] AndroidManifest.xml:22:5-23:19
MERGED from [com.google.android.gms:play-services-measurement-sdk:21.2.1] AndroidManifest.xml:22:5-23:19